UMGAPP/app/build/intermediates/manifest_merge_blame_file/debug/manifest-merger-blame-debug-report.txt
1<?xml version="1.0" encoding="utf-8"?>
2<manifest xmlns:android="http://schemas.android.com/apk/res/android"
3    package="com.example.umgapp"
4    android:versionCode="1"
5    android:versionName="1.0" >
6
7    <uses-sdk
8        android:minSdkVersion="21"
8-->src\main\AndroidManifest.xml
9        android:targetSdkVersion="30" />
9-->src\main\AndroidManifest.xml
10
11    <!-- Although the *SdkVersion is captured in gradle build files, this is required for non gradle builds -->
12    <!-- <uses-sdk android:minSdkVersion="14" /> -->
13    <uses-permission android:name="android.permission.ACCESS_NETWORK_STATE" />
13-->[com.google.firebase:firebase-firestore:21.4.3] AndroidManifest.xml:13:5-79
13-->[com.google.firebase:firebase-firestore:21.4.3] AndroidManifest.xml:13:22-76
14    <uses-permission android:name="android.permission.INTERNET" />
14-->[com.google.firebase:firebase-firestore:21.4.3] AndroidManifest.xml:14:5-67
14-->[com.google.firebase:firebase-firestore:21.4.3] AndroidManifest.xml:14:22-64
15    <uses-permission android:name="android.permission.WAKE_LOCK" /> <!-- Required by older versions of Google Play services to create IID tokens -->
15-->[com.google.firebase:firebase-iid:20.2.0] AndroidManifest.xml:24:5-68
15-->[com.google.firebase:firebase-iid:20.2.0] AndroidManifest.xml:24:22-65
16    <uses-permission android:name="com.google.android.c2dm.permission.RECEIVE" />
16-->[com.google.firebase:firebase-iid:20.2.0] AndroidManifest.xml:26:5-82
16-->[com.google.firebase:firebase-iid:20.2.0] AndroidManifest.xml:26:22-79
17
18    <application
18-->src\main\AndroidManifest.xml:5:5-27:19
19        android:allowBackup="true"
19-->src\main\AndroidManifest.xml:6:9-35
20        android:appComponentFactory="androidx.core.app.CoreComponentFactory"
20-->[androidx.core:core:1.3.0] AndroidManifest.xml:24:18-86
21        android:debuggable="true"
22        android:icon="@mipmap/ic_launcher"
22-->src\main\AndroidManifest.xml:7:9-43
23        android:label="@string/app_name"
23-->src\main\AndroidManifest.xml:8:9-41
24        android:roundIcon="@mipmap/ic_launcher_round"
24-->src\main\AndroidManifest.xml:9:9-54
25        android:supportsRtl="true"
25-->src\main\AndroidManifest.xml:10:9-35
26        android:testOnly="true"
27        android:theme="@style/AppTheme" >
27-->src\main\AndroidManifest.xml:11:9-40
28        <activity android:name="com.example.umgapp.MainSchedule" />
28-->src\main\AndroidManifest.xml:12:9-59
28-->src\main\AndroidManifest.xml:12:19-47
29        <activity android:name="com.example.umgapp.Profile" />
29-->src\main\AndroidManifest.xml:13:9-45
29-->src\main\AndroidManifest.xml:13:19-42
30        <activity android:name="com.example.umgapp.Cursos" />
30-->src\main\AndroidManifest.xml:14:9-44
30-->src\main\AndroidManifest.xml:14:19-41
31        <activity android:name="com.example.umgapp.AnuncioMax" />
31-->src\main\AndroidManifest.xml:15:9-48
31-->src\main\AndroidManifest.xml:15:19-45
32        <activity android:name="com.example.umgapp.Anuncios" />
32-->src\main\AndroidManifest.xml:16:9-46
32-->src\main\AndroidManifest.xml:16:19-43
33        <activity android:name="com.example.umgapp.Principal" />
33-->src\main\AndroidManifest.xml:17:9-47
33-->src\main\AndroidManifest.xml:17:19-44
34        <activity android:name="com.example.umgapp.Registro" />
34-->src\main\AndroidManifest.xml:18:9-46
34-->src\main\AndroidManifest.xml:18:19-43
35        <activity android:name="com.example.umgapp.Login" />
35-->src\main\AndroidManifest.xml:19:9-43
35-->src\main\AndroidManifest.xml:19:19-40
36        <activity android:name="com.example.umgapp.Inicio" >
36-->src\main\AndroidManifest.xml:20:9-26:20
36-->src\main\AndroidManifest.xml:20:19-41
37            <intent-filter>
37-->src\main\AndroidManifest.xml:21:13-25:29
38                <action android:name="android.intent.action.MAIN" />
38-->src\main\AndroidManifest.xml:22:17-69
38-->src\main\AndroidManifest.xml:22:25-66
39
40                <category android:name="android.intent.category.LAUNCHER" />
40-->src\main\AndroidManifest.xml:24:17-77
40-->src\main\AndroidManifest.xml:24:27-74
41            </intent-filter>
42        </activity>
43        <activity
43-->[com.google.firebase:firebase-auth:19.3.1] AndroidManifest.xml:24:9-31:50
44            android:name="com.google.firebase.auth.internal.FederatedSignInActivity"
44-->[com.google.firebase:firebase-auth:19.3.1] AndroidManifest.xml:25:13-85
45            android:excludeFromRecents="true"
45-->[com.google.firebase:firebase-auth:19.3.1] AndroidManifest.xml:26:13-46
46            android:exported="true"
46-->[com.google.firebase:firebase-auth:19.3.1] AndroidManifest.xml:27:13-36
47            android:launchMode="singleTask"
47-->[com.google.firebase:firebase-auth:19.3.1] AndroidManifest.xml:28:13-44
48            android:permission="com.google.firebase.auth.api.gms.permission.LAUNCH_FEDERATED_SIGN_IN"
48-->[com.google.firebase:firebase-auth:19.3.1] AndroidManifest.xml:29:13-102
49            android:theme="@android:style/Theme.Translucent.NoTitleBar" />
49-->[com.google.firebase:firebase-auth:19.3.1] AndroidManifest.xml:30:13-72
50
51        <service
51-->[com.google.firebase:firebase-auth:19.3.1] AndroidManifest.xml:33:9-39:19
52            android:name="com.google.firebase.components.ComponentDiscoveryService"
52-->[com.google.firebase:firebase-auth:19.3.1] AndroidManifest.xml:34:13-84
53            android:directBootAware="true"
53-->[com.google.firebase:firebase-common:19.3.0] AndroidManifest.xml:34:13-43
54            android:exported="false" >
54-->[com.google.firebase:firebase-auth:19.3.1] AndroidManifest.xml:35:13-37
55            <meta-data
55-->[com.google.firebase:firebase-auth:19.3.1] AndroidManifest.xml:36:13-38:85
56                android:name="com.google.firebase.components:com.google.firebase.auth.FirebaseAuthRegistrar"
56-->[com.google.firebase:firebase-auth:19.3.1] AndroidManifest.xml:37:17-109
57                android:value="com.google.firebase.components.ComponentRegistrar" />
57-->[com.google.firebase:firebase-auth:19.3.1] AndroidManifest.xml:38:17-82
58            <meta-data
58-->[com.google.firebase:firebase-firestore:21.4.3] AndroidManifest.xml:20:13-22:85
59                android:name="com.google.firebase.components:com.google.firebase.firestore.FirestoreRegistrar"
59-->[com.google.firebase:firebase-firestore:21.4.3] AndroidManifest.xml:21:17-111
60                android:value="com.google.firebase.components.ComponentRegistrar" />
60-->[com.google.firebase:firebase-firestore:21.4.3] AndroidManifest.xml:22:17-82
61            <meta-data
61-->[com.google.firebase:firebase-messaging:20.2.0] AndroidManifest.xml:39:13-41:85
62                android:name="com.google.firebase.components:com.google.firebase.messaging.FirebaseMessagingRegistrar"
62-->[com.google.firebase:firebase-messaging:20.2.0] AndroidManifest.xml:40:17-119
63                android:value="com.google.firebase.components.ComponentRegistrar" />
63-->[com.google.firebase:firebase-messaging:20.2.0] AndroidManifest.xml:41:17-82
64            <meta-data
64-->[com.google.firebase:firebase-storage:19.1.1] AndroidManifest.xml:33:13-35:85
65                android:name="com.google.firebase.components:com.google.firebase.storage.StorageRegistrar"
65-->[com.google.firebase:firebase-storage:19.1.1] AndroidManifest.xml:34:17-107
66                android:value="com.google.firebase.components.ComponentRegistrar" />
66-->[com.google.firebase:firebase-storage:19.1.1] AndroidManifest.xml:35:17-82
67            <meta-data
67-->[com.google.firebase:firebase-iid:20.2.0] AndroidManifest.xml:32:13-34:85
68                android:name="com.google.firebase.components:com.google.firebase.iid.Registrar"
68-->[com.google.firebase:firebase-iid:20.2.0] AndroidManifest.xml:33:17-96
69                android:value="com.google.firebase.components.ComponentRegistrar" />
69-->[com.google.firebase:firebase-iid:20.2.0] AndroidManifest.xml:34:17-82
70            <meta-data
70-->[com.google.firebase:firebase-datatransport:17.0.3] AndroidManifest.xml:28:13-30:85
71                android:name="com.google.firebase.components:com.google.firebase.datatransport.TransportRegistrar"
71-->[com.google.firebase:firebase-datatransport:17.0.3] AndroidManifest.xml:29:17-115
72                android:value="com.google.firebase.components.ComponentRegistrar" />
72-->[com.google.firebase:firebase-datatransport:17.0.3] AndroidManifest.xml:30:17-82
73            <meta-data
73-->[com.google.firebase:firebase-installations:16.3.1] AndroidManifest.xml:17:13-19:85
74                android:name="com.google.firebase.components:com.google.firebase.installations.FirebaseInstallationsRegistrar"
74-->[com.google.firebase:firebase-installations:16.3.1] AndroidManifest.xml:18:17-127
75                android:value="com.google.firebase.components.ComponentRegistrar" />
75-->[com.google.firebase:firebase-installations:16.3.1] AndroidManifest.xml:19:17-82
76        </service>
77        <!--
78             FirebaseMessagingService performs security checks at runtime,
79             but set to not exported to explicitly avoid allowing another app to call it.
80        -->
81        <service
81-->[com.google.firebase:firebase-messaging:20.2.0] AndroidManifest.xml:28:9-35:19
82            android:name="com.google.firebase.messaging.FirebaseMessagingService"
82-->[com.google.firebase:firebase-messaging:20.2.0] AndroidManifest.xml:29:13-82
83            android:directBootAware="true"
83-->[com.google.firebase:firebase-messaging:20.2.0] AndroidManifest.xml:30:13-43
84            android:exported="false" >
84-->[com.google.firebase:firebase-messaging:20.2.0] AndroidManifest.xml:31:13-37
85            <intent-filter android:priority="-500" >
85-->[com.google.firebase:firebase-messaging:20.2.0] AndroidManifest.xml:32:13-34:29
85-->[com.google.firebase:firebase-messaging:20.2.0] AndroidManifest.xml:32:28-51
86                <action android:name="com.google.firebase.MESSAGING_EVENT" />
86-->[com.google.firebase:firebase-messaging:20.2.0] AndroidManifest.xml:33:17-78
86-->[com.google.firebase:firebase-messaging:20.2.0] AndroidManifest.xml:33:25-75
87            </intent-filter>
88        </service>
89
90        <receiver
90-->[com.google.firebase:firebase-iid:20.2.0] AndroidManifest.xml:37:9-44:20
91            android:name="com.google.firebase.iid.FirebaseInstanceIdReceiver"
91-->[com.google.firebase:firebase-iid:20.2.0] AndroidManifest.xml:38:13-78
92            android:exported="true"
92-->[com.google.firebase:firebase-iid:20.2.0] AndroidManifest.xml:39:13-36
93            android:permission="com.google.android.c2dm.permission.SEND" >
93-->[com.google.firebase:firebase-iid:20.2.0] AndroidManifest.xml:40:13-73
94            <intent-filter>
94-->[com.google.firebase:firebase-iid:20.2.0] AndroidManifest.xml:41:13-43:29
95                <action android:name="com.google.android.c2dm.intent.RECEIVE" />
95-->[com.google.firebase:firebase-iid:20.2.0] AndroidManifest.xml:42:17-81
95-->[com.google.firebase:firebase-iid:20.2.0] AndroidManifest.xml:42:25-78
96            </intent-filter>
97        </receiver>
98
99        <activity
99-->[com.google.android.gms:play-services-base:17.1.0] AndroidManifest.xml:23:9-26:75
100            android:name="com.google.android.gms.common.api.GoogleApiActivity"
100-->[com.google.android.gms:play-services-base:17.1.0] AndroidManifest.xml:24:13-79
101            android:exported="false"
101-->[com.google.android.gms:play-services-base:17.1.0] AndroidManifest.xml:25:13-37
102            android:theme="@android:style/Theme.Translucent.NoTitleBar" />
102-->[com.google.android.gms:play-services-base:17.1.0] AndroidManifest.xml:26:13-72
103
104        <provider
104-->[com.google.firebase:firebase-common:19.3.0] AndroidManifest.xml:26:9-30:39
105            android:name="com.google.firebase.provider.FirebaseInitProvider"
105-->[com.google.firebase:firebase-common:19.3.0] AndroidManifest.xml:27:13-77
106            android:authorities="com.example.umgapp.firebaseinitprovider"
106-->[com.google.firebase:firebase-common:19.3.0] AndroidManifest.xml:28:13-72
107            android:exported="false"
107-->[com.google.firebase:firebase-common:19.3.0] AndroidManifest.xml:29:13-37
108            android:initOrder="100" />
108-->[com.google.firebase:firebase-common:19.3.0] AndroidManifest.xml:30:13-36
109
110        <meta-data
110-->[com.google.android.gms:play-services-basement:17.0.0] AndroidManifest.xml:23:9-25:69
111            android:name="com.google.android.gms.version"
111-->[com.google.android.gms:play-services-basement:17.0.0] AndroidManifest.xml:24:13-58
112            android:value="@integer/google_play_services_version" />
112-->[com.google.android.gms:play-services-basement:17.0.0] AndroidManifest.xml:25:13-66
113
114        <service
114-->[com.google.android.datatransport:transport-backend-cct:2.2.0] AndroidManifest.xml:29:9-35:19
115            android:name="com.google.android.datatransport.runtime.backends.TransportBackendDiscovery"
115-->[com.google.android.datatransport:transport-backend-cct:2.2.0] AndroidManifest.xml:30:13-103
116            android:exported="false" >
116-->[com.google.android.datatransport:transport-backend-cct:2.2.0] AndroidManifest.xml:31:13-37
117            <meta-data
117-->[com.google.android.datatransport:transport-backend-cct:2.2.0] AndroidManifest.xml:32:13-34:39
118                android:name="backend:com.google.android.datatransport.cct.CctBackendFactory"
118-->[com.google.android.datatransport:transport-backend-cct:2.2.0] AndroidManifest.xml:33:17-94
119                android:value="cct" />
119-->[com.google.android.datatransport:transport-backend-cct:2.2.0] AndroidManifest.xml:34:17-36
120        </service>
121        <service
121-->[com.google.android.datatransport:transport-runtime:2.2.0] AndroidManifest.xml:26:9-30:19
122            android:name="com.google.android.datatransport.runtime.scheduling.jobscheduling.JobInfoSchedulerService"
122-->[com.google.android.datatransport:transport-runtime:2.2.0] AndroidManifest.xml:27:13-117
123            android:exported="false"
123-->[com.google.android.datatransport:transport-runtime:2.2.0] AndroidManifest.xml:28:13-37
124            android:permission="android.permission.BIND_JOB_SERVICE" >
124-->[com.google.android.datatransport:transport-runtime:2.2.0] AndroidManifest.xml:29:13-69
125        </service>
126
127        <receiver
127-->[com.google.android.datatransport:transport-runtime:2.2.0] AndroidManifest.xml:32:9-34:40
128            android:name="com.google.android.datatransport.runtime.scheduling.jobscheduling.AlarmManagerSchedulerBroadcastReceiver"
128-->[com.google.android.datatransport:transport-runtime:2.2.0] AndroidManifest.xml:33:13-132
129            android:exported="false" />
129-->[com.google.android.datatransport:transport-runtime:2.2.0] AndroidManifest.xml:34:13-37
130    </application>
131
132</manifest>